{"name": "Chrome'u açıp Google'a git", "status": "broken", "statusDetails": {"message": "selenium.common.exceptions.TimeoutException: Message: \nStacktrace:\nNoSuchElementError: An element could not be located on the page using the given search parameters.\n    at AndroidUiautomator2Driver.findElOrEls (/Users/softwaretest/.appium/node_modules/appium-uiautomator2-driver/node_modules/appium-android-driver/lib/commands/find.ts:86:11)\n    at processTicksAndRejections (node:internal/process/task_queues:105:5)\n    at AndroidUiautomator2Driver.findElOrElsWithProcessing (/opt/homebrew/lib/node_modules/appium/node_modules/@appium/base-driver/lib/basedriver/commands/find.ts:60:12)\n    at AndroidUiautomator2Driver.findElement (/opt/homebrew/lib/node_modules/appium/node_modules/@appium/base-driver/lib/basedriver/commands/find.ts:75:12)\n", "trace": "  File \"/Users/softwaretest/Desktop/git/WifeAutomation/.venv/lib/python3.13/site-packages/behave/model.py\", line 1329, in run\n    match.run(runner.context)\n    ~~~~~~~~~^^^^^^^^^^^^^^^^\n  File \"/Users/softwaretest/Desktop/git/WifeAutomation/.venv/lib/python3.13/site-packages/behave/matchers.py\", line 98, in run\n    self.func(context, *args, **kwargs)\n    ~~~~~~~~~^^^^^^^^^^^^^^^^^^^^^^^^^^\n  File \"features/steps/common_steps.py\", line 12, in step_click_on_button_with_text\n    context.base.click_element(AppiumBy.XPATH, context.commonlocators.TEXT_XPATH.format(text))\n    ~~~~~~~~~~~~~~~~~~~~~~~~~~^^^^^^^^^^^^^^^^^^^^^^^^^^^^^^^^^^^^^^^^^^^^^^^^^^^^^^^^^^^^^^^^\n  File \"/Users/softwaretest/Desktop/git/WifeAutomation/common/base.py\", line 26, in click_element\n    self.get_element(by,selector).click()\n    ~~~~~~~~~~~~~~~~^^^^^^^^^^^^^\n  File \"/Users/softwaretest/Desktop/git/WifeAutomation/common/base.py\", line 18, in get_element\n    WebDriverWait(self.driver, 30).until(EC.visibility_of_element_located((by,selector)))\n    ~~~~~~~~~~~~~~~~~~~~~~~~~~~~~~~~~~~~^^^^^^^^^^^^^^^^^^^^^^^^^^^^^^^^^^^^^^^^^^^^^^^^^\n  File \"/Users/softwaretest/Desktop/git/WifeAutomation/.venv/lib/python3.13/site-packages/selenium/webdriver/support/wait.py\", line 146, in until\n    raise TimeoutException(message, screen, stacktrace)\n"}, "steps": [{"name": "Given Chrome tarayıcısı açık", "status": "passed", "start": 1746794424375, "stop": 1746794424375}, {"name": "When Planet Thy Adresine gidilir", "status": "passed", "start": 1746794424376, "stop": 1746794424588}, {"name": "When User click on \"Movies\" button", "status": "broken", "statusDetails": {"message": "selenium.common.exceptions.TimeoutException: Message: \nStacktrace:\nNoSuchElementError: An element could not be located on the page using the given search parameters.\n    at AndroidUiautomator2Driver.findElOrEls (/Users/softwaretest/.appium/node_modules/appium-uiautomator2-driver/node_modules/appium-android-driver/lib/commands/find.ts:86:11)\n    at processTicksAndRejections (node:internal/process/task_queues:105:5)\n    at AndroidUiautomator2Driver.findElOrElsWithProcessing (/opt/homebrew/lib/node_modules/appium/node_modules/@appium/base-driver/lib/basedriver/commands/find.ts:60:12)\n    at AndroidUiautomator2Driver.findElement (/opt/homebrew/lib/node_modules/appium/node_modules/@appium/base-driver/lib/basedriver/commands/find.ts:75:12)\n", "trace": "  File \"/Users/softwaretest/Desktop/git/WifeAutomation/.venv/lib/python3.13/site-packages/behave/model.py\", line 1329, in run\n    match.run(runner.context)\n    ~~~~~~~~~^^^^^^^^^^^^^^^^\n  File \"/Users/softwaretest/Desktop/git/WifeAutomation/.venv/lib/python3.13/site-packages/behave/matchers.py\", line 98, in run\n    self.func(context, *args, **kwargs)\n    ~~~~~~~~~^^^^^^^^^^^^^^^^^^^^^^^^^^\n  File \"features/steps/common_steps.py\", line 12, in step_click_on_button_with_text\n    context.base.click_element(AppiumBy.XPATH, context.commonlocators.TEXT_XPATH.format(text))\n    ~~~~~~~~~~~~~~~~~~~~~~~~~~^^^^^^^^^^^^^^^^^^^^^^^^^^^^^^^^^^^^^^^^^^^^^^^^^^^^^^^^^^^^^^^^\n  File \"/Users/softwaretest/Desktop/git/WifeAutomation/common/base.py\", line 26, in click_element\n    self.get_element(by,selector).click()\n    ~~~~~~~~~~~~~~~~^^^^^^^^^^^^^\n  File \"/Users/softwaretest/Desktop/git/WifeAutomation/common/base.py\", line 18, in get_element\n    WebDriverWait(self.driver, 30).until(EC.visibility_of_element_located((by,selector)))\n    ~~~~~~~~~~~~~~~~~~~~~~~~~~~~~~~~~~~~^^^^^^^^^^^^^^^^^^^^^^^^^^^^^^^^^^^^^^^^^^^^^^^^^\n  File \"/Users/softwaretest/Desktop/git/WifeAutomation/.venv/lib/python3.13/site-packages/selenium/webdriver/support/wait.py\", line 146, in until\n    raise TimeoutException(message, screen, stacktrace)\n"}, "start": 1746794424588, "stop": 1746794455083}, {"name": "When User click on \"Blockbuster\" button", "status": "skipped", "start": 1746794455085, "stop": 1746794455085}], "start": 1746794424375, "stop": 1746794455085, "uuid": "b345c0c5-ceb6-42bc-be38-4d7347ade0bc", "historyId": "949bdfcf297896edeb8c35bd30f4df4f", "fullName": "Chrome ve Google Testi: Chrome'u açıp Google'a git", "labels": [{"name": "severity", "value": "normal"}, {"name": "tag", "value": "android1"}, {"name": "feature", "value": "Chrome ve Google Testi"}, {"name": "framework", "value": "behave"}, {"name": "language", "value": "cpython3"}]}